[debug] [2018-03-02T13:18:44.696Z] ----------------------------------------------------------------------
[debug] [2018-03-02T13:18:44.699Z] Command:       /home/elaman/.nvm/versions/node/v9.3.0/bin/node /home/elaman/.nvm/versions/node/v9.3.0/bin/firebase serve
[debug] [2018-03-02T13:18:44.699Z] CLI Version:   3.16.0
[debug] [2018-03-02T13:18:44.699Z] Platform:      linux
[debug] [2018-03-02T13:18:44.700Z] Node Version:  v9.3.0
[debug] [2018-03-02T13:18:44.700Z] Time:          Fri Mar 02 2018 19:18:44 GMT+0600 (+06)
[debug] [2018-03-02T13:18:44.700Z] ----------------------------------------------------------------------
[debug] 
[debug] [2018-03-02T13:18:44.710Z] > command requires scopes: ["email","openid","https://www.googleapis.com/auth/cloudplatformprojects.readonly","https://www.googleapis.com/auth/firebase","https://www.googleapis.com/auth/cloud-platform"]
[debug] [2018-03-02T13:18:44.711Z] > authorizing via signed-in user
[debug] [2018-03-02T13:18:44.713Z] >>> HTTP REQUEST GET https://admin.firebase.com/v1/projects/dordoifashion-94bf2  
  
 Fri Mar 02 2018 19:18:44 GMT+0600 (+06)
[debug] [2018-03-02T13:18:45.804Z] <<< HTTP RESPONSE 200
[debug] [2018-03-02T13:18:45.806Z] >>> HTTP REQUEST GET https://admin.firebase.com/v1/database/dordoifashion-94bf2/tokens  
  
 Fri Mar 02 2018 19:18:45 GMT+0600 (+06)
[debug] [2018-03-02T13:18:46.697Z] <<< HTTP RESPONSE 200
[info] 
[info] === Serving from '/home/elaman/Desktop/react-dordoi'...
[info] 
[debug] [2018-03-02T13:18:46.705Z] >>> HTTP REQUEST GET https://cloudresourcemanager.googleapis.com/v1/projects/dordoifashion-94bf2  
  
 Fri Mar 02 2018 19:18:46 GMT+0600 (+06)
[debug] [2018-03-02T13:18:47.804Z] <<< HTTP RESPONSE 200
[debug] [2018-03-02T13:18:47.810Z] >>> HTTP REQUEST GET https://mobilesdk-pa.googleapis.com/v1/projects/468133626755/clients/_:getWebAppConfig  
  
 Fri Mar 02 2018 19:18:47 GMT+0600 (+06)
[debug] [2018-03-02T13:18:48.461Z] <<< HTTP RESPONSE 200
[info] i  hosting: Serving hosting files from: build
[info] ✔  hosting: Local server: http://localhost:5000

